<?xml version="1.0" encoding="utf-8" standalone="no"?>
<!--This file represents the results of running a test suite-->
<test-results name="D:\My Documents\Projects\linq\TribalWars\tw.nunit" total="0" errors="0" failures="0" not-run="0" inconclusive="0" ignored="0" skipped="0" invalid="0" date="2009-08-16" time="20:04:20">
  <environment nunit-version="2.5.2.9222" clr-version="2.0.50727.3053" os-version="Microsoft Windows NT 5.1.2600 Service Pack 3" platform="Win32NT" cwd="D:\My Documents\Projects\linq\TribalWars\Bin" machine-name="DREAMINGFIGHTER" user="DF.thangld" user-domain="DREAMINGFIGHTER" />
  <culture-info current-culture="en-US" current-uiculture="en-US" />
  <test-suite name="D:\My Documents\Projects\linq\TribalWars\tw.nunit" executed="True" success="False" time="0.000" asserts="0">
    <results>
      <test-suite name="D:\My Documents\Projects\linq\beans\bin\Debug\beans.dll" executed="False">
        <reason>
          <message><![CDATA[Has no TestFixtures]]></message>
        </reason>
      </test-suite>
      <test-suite name="D:\My Documents\Projects\linq\TribalWars\Bin\beans.dll" executed="False">
        <reason>
          <message><![CDATA[Has no TestFixtures]]></message>
        </reason>
      </test-suite>
    </results>
  </test-suite>
</test-results>